6828 decimal is 15254 octal!

e820 MEMORY MAP
size: 20, address: 0x0000000000000000, length: 0x000000000009f000, type: 1
size: 20, address: 0x000000000009f000, length: 0x0000000000001000, type: 2
size: 20, address: 0x00000000000e8000, length: 0x0000000000018000, type: 2
size: 20, address: 0x0000000000100000, length: 0x000000001fef0000, type: 1
size: 20, address: 0x000000001fff0000, length: 0x0000000000010000, type: 3
size: 20, address: 0x00000000fffc0000, length: 0x0000000000040000, type: 2

Physical memory: 512M available, base = 636K, extended = 523264K, npages = 131072
Pages limited to 3276800 by upage address range (12800MB), Pages limited to 134201344 by remapped phys mem (524224MB)
Found boot cpu..
type: 0 apicid:0 version:17 signature:80040fa480 feature:1fcbfbff flags:3 reserved:80040fa488
type: 0 apicid:0 version:0 signature:80040fa51c feature:5f504d5f flags:0 reserved:80040fa524
Found unusable CPU. Not intiializing it..
SMP: CPU 0 found 1 CPU(s)
enabled interrupts: 1 2 4
PCI: 00:00.0: 8086:1237: class: 8000000800000006.8000000800000000 (Bridge device) irq: 549755813888
PCI: 00:01.0: 8086:7000: class: 8000080800000006.8000080800000001 (Bridge device) irq: 549755813888
PCI: 00:01.1: 8086:7010: class: 8000090800000001.8000090800000001 (Storage controller) irq: 549755813888
PCI: 00:01.2: 8086:7020: class: 80000a080000000c.80000a0800000003 (Unknown) irq: 549755813897
PCI: 00:01.3: 8086:7113: class: 80000b0800000006.80000b0800000080 (Bridge device) irq: 549755813897
FS is running
FS can do I/O
Device 1 presence: 1
[00001000] user panic in fs at ../lib/pgfault.c:34: allocating exception stack: bad environment
Welcome to the JOS kernel monitor!
Type 'help' for a list of commands.
TRAP frame at 0x8004941000 from CPU 0
  r15  0x00000000
  r14  0x00000000
  r13  0x00000000
  r12  0x00000000
  r11  0x00000000
  r10  0x00000000
  r9  0x00000000
  r8  0x00000000
  rdi  0x00000000
  rsi  0x00000000
  rbp  0xef7fde30
  rbx  0x008074b3
  rdx  0xef7fdb08
  rcx  0x00000001
  rax  0x00000001
  es   0x----0023
  ds   0x----0023
  trap 0x00000003 Breakpoint
  err  0x00000000
  rip  0x0080320f
  cs   0x----001b
  flag 0x00003206
  rsp  0xef7fdd30
  ss   0x----0023
K> 